# JRE version: OpenJDK Runtime Environment (8.0_202-b03) (build 1.8.0_202-release-1483-b03)
# Java VM: OpenJDK 64-Bit Server VM (25.202-b03 mixed mode windows-amd64 compressed oops)
Heap:
 PSYoungGen      total 319488K, used 286193K [0x00000000e0000000, 0x00000000fce80000, 0x0000000100000000)
  eden space 290304K, 88% used [0x00000000e0000000,0x00000000efaffe90,0x00000000f1b80000)
  from space 29184K, 99% used [0x00000000f1b80000,0x00000000f37fc580,0x00000000f3800000)
  to   space 66048K, 0% used [0x00000000f8e00000,0x00000000f8e00000,0x00000000fce80000)
 ParOldGen       total 226304K, used 115722K [0x00000000a0000000, 0x00000000add00000, 0x00000000e0000000)
  object space 226304K, 51% used [0x00000000a0000000,0x00000000a7102ab8,0x00000000add00000)
 Metaspace       used 73197K, capacity 76062K, committed 76184K, reserved 1116160K
  class space    used 9832K, capacity 10371K, committed 10408K, reserved 1048576K
GC Heap History (10 events):
Event: 8.475 GC heap before
{Heap before GC invocations=8 (full 2):
 PSYoungGen      total 204800K, used 196608K [0x00000000e0000000, 0x00000000f1880000, 0x0000000100000000)
  eden space 196608K, 100% used [0x00000000e0000000,0x00000000ec000000,0x00000000ec000000)
  from space 8192K, 0% used [0x00000000ec000000,0x00000000ec000000,0x00000000ec800000)
  to   space 16896K, 0% used [0x00000000f0800000,0x00000000f0800000,0x00000000f1880000)
 ParOldGen       total 153088K, used 20078K [0x00000000a0000000, 0x00000000a9580000, 0x00000000e0000000)
  object space 153088K, 13% used [0x00000000a0000000,0x00000000a139ba48,0x00000000a9580000)
 Metaspace       used 52474K, capacity 53948K, committed 54184K, reserved 1095680K
  class space    used 7102K, capacity 7490K, committed 7592K, reserved 1048576K
Event: 8.502 GC heap after
Heap after GC invocations=8 (full 2):
 PSYoungGen      total 258048K, used 16889K [0x00000000e0000000, 0x00000000f1980000, 0x0000000100000000)
  eden space 241152K, 0% used [0x00000000e0000000,0x00000000e0000000,0x00000000eeb80000)
  from space 16896K, 99% used [0x00000000f0800000,0x00000000f187e600,0x00000000f1880000)
  to   space 23552K, 0% used [0x00000000eeb80000,0x00000000eeb80000,0x00000000f0280000)
 ParOldGen       total 153088K, used 27558K [0x00000000a0000000, 0x00000000a9580000, 0x00000000e0000000)
  object space 153088K, 18% used [0x00000000a0000000,0x00000000a1ae99f0,0x00000000a9580000)
 Metaspace       used 52474K, capacity 53948K, committed 54184K, reserved 1095680K
  class space    used 7102K, capacity 7490K, committed 7592K, reserved 1048576K
}
Event: 9.372 GC heap before
{Heap before GC invocations=9 (full 2):
 PSYoungGen      total 258048K, used 85302K [0x00000000e0000000, 0x00000000f1980000, 0x0000000100000000)
  eden space 241152K, 28% used [0x00000000e0000000,0x00000000e42cf210,0x00000000eeb80000)
  from space 16896K, 99% used [0x00000000f0800000,0x00000000f187e600,0x00000000f1880000)
  to   space 23552K, 0% used [0x00000000eeb80000,0x00000000eeb80000,0x00000000f0280000)
 ParOldGen       total 153088K, used 27558K [0x00000000a0000000, 0x00000000a9580000, 0x00000000e0000000)
  object space 153088K, 18% used [0x00000000a0000000,0x00000000a1ae99f0,0x00000000a9580000)
 Metaspace       used 57438K, capacity 59124K, committed 59160K, reserved 1099776K
  class space    used 7783K, capacity 8196K, committed 8232K, reserved 1048576K
Event: 9.388 GC heap after
Heap after GC invocations=9 (full 2):
 PSYoungGen      total 264704K, used 17500K [0x00000000e0000000, 0x00000000f5080000, 0x0000000100000000)
  eden space 241152K, 0% used [0x00000000e0000000,0x00000000e0000000,0x00000000eeb80000)
  from space 23552K, 74% used [0x00000000eeb80000,0x00000000efc972b0,0x00000000f0280000)
  to   space 24576K, 0% used [0x00000000f3880000,0x00000000f3880000,0x00000000f5080000)
 ParOldGen       total 153088K, used 27630K [0x00000000a0000000, 0x00000000a9580000, 0x00000000e0000000)
  object space 153088K, 18% used [0x00000000a0000000,0x00000000a1afba00,0x00000000a9580000)
 Metaspace       used 57438K, capacity 59124K, committed 59160K, reserved 1099776K
  class space    used 7783K, capacity 8196K, committed 8232K, reserved 1048576K
}
Event: 9.388 GC heap before
{Heap before GC invocations=10 (full 3):
 PSYoungGen      total 264704K, used 17500K [0x00000000e0000000, 0x00000000f5080000, 0x0000000100000000)
  eden space 241152K, 0% used [0x00000000e0000000,0x00000000e0000000,0x00000000eeb80000)
  from space 23552K, 74% used [0x00000000eeb80000,0x00000000efc972b0,0x00000000f0280000)
  to   space 24576K, 0% used [0x00000000f3880000,0x00000000f3880000,0x00000000f5080000)
 ParOldGen       total 153088K, used 27630K [0x00000000a0000000, 0x00000000a9580000, 0x00000000e0000000)
  object space 153088K, 18% used [0x00000000a0000000,0x00000000a1afba00,0x00000000a9580000)
 Metaspace       used 57438K, capacity 59124K, committed 59160K, reserved 1099776K
  class space    used 7783K, capacity 8196K, committed 8232K, reserved 1048576K
Event: 9.563 GC heap after
Heap after GC invocations=10 (full 3):
 PSYoungGen      total 264704K, used 0K [0x00000000e0000000, 0x00000000f5080000, 0x0000000100000000)
  eden space 241152K, 0% used [0x00000000e0000000,0x00000000e0000000,0x00000000eeb80000)
  from space 23552K, 0% used [0x00000000eeb80000,0x00000000eeb80000,0x00000000f0280000)
  to   space 24576K, 0% used [0x00000000f3880000,0x00000000f3880000,0x00000000f5080000)
 ParOldGen       total 226304K, used 33046K [0x00000000a0000000, 0x00000000add00000, 0x00000000e0000000)
  object space 226304K, 14% used [0x00000000a0000000,0x00000000a2045860,0x00000000add00000)
 Metaspace       used 57438K, capacity 59124K, committed 59160K, reserved 1099776K
  class space    used 7783K, capacity 8196K, committed 8232K, reserved 1048576K
}
Event: 13.392 GC heap before
{Heap before GC invocations=11 (full 3):
 PSYoungGen      total 264704K, used 241152K [0x00000000e0000000, 0x00000000f5080000, 0x0000000100000000)
  eden space 241152K, 100% used [0x00000000e0000000,0x00000000eeb80000,0x00000000eeb80000)
  from space 23552K, 0% used [0x00000000eeb80000,0x00000000eeb80000,0x00000000f0280000)
  to   space 24576K, 0% used [0x00000000f3880000,0x00000000f3880000,0x00000000f5080000)
 ParOldGen       total 226304K, used 33046K [0x00000000a0000000, 0x00000000add00000, 0x00000000e0000000)
  object space 226304K, 14% used [0x00000000a0000000,0x00000000a2045860,0x00000000add00000)
 Metaspace       used 62020K, capacity 64018K, committed 64152K, reserved 1103872K
  class space    used 8390K, capacity 8843K, committed 8872K, reserved 1048576K
Event: 13.417 GC heap after
Heap after GC invocations=11 (full 3):
 PSYoungGen      total 314880K, used 24569K [0x00000000e0000000, 0x00000000f5480000, 0x0000000100000000)
  eden space 290304K, 0% used [0x00000000e0000000,0x00000000e0000000,0x00000000f1b80000)
  from space 24576K, 99% used [0x00000000f3880000,0x00000000f507e6d8,0x00000000f5080000)
  to   space 29184K, 0% used [0x00000000f1b80000,0x00000000f1b80000,0x00000000f3800000)
 ParOldGen       total 226304K, used 34931K [0x00000000a0000000, 0x00000000add00000, 0x00000000e0000000)
  object space 226304K, 15% used [0x00000000a0000000,0x00000000a221cf00,0x00000000add00000)
 Metaspace       used 62020K, capacity 64018K, committed 64152K, reserved 1103872K
  class space    used 8390K, capacity 8843K, committed 8872K, reserved 1048576K
}
Event: 15.216 GC heap before
{Heap before GC invocations=12 (full 3):
 PSYoungGen      total 314880K, used 314873K [0x00000000e0000000, 0x00000000f5480000, 0x0000000100000000)
  eden space 290304K, 100% used [0x00000000e0000000,0x00000000f1b80000,0x00000000f1b80000)
  from space 24576K, 99% used [0x00000000f3880000,0x00000000f507e6d8,0x00000000f5080000)
  to   space 29184K, 0% used [0x00000000f1b80000,0x00000000f1b80000,0x00000000f3800000)
 ParOldGen       total 226304K, used 34931K [0x00000000a0000000, 0x00000000add00000, 0x00000000e0000000)
  object space 226304K, 15% used [0x00000000a0000000,0x00000000a221cf00,0x00000000add00000)
 Metaspace       used 65575K, capacity 67898K, committed 68120K, reserved 1107968K
  class space    used 8946K, capacity 9437K, committed 9512K, reserved 1048576K
Event: 15.318 GC heap after
Heap after GC invocations=12 (full 3):
 PSYoungGen      total 319488K, used 29169K [0x00000000e0000000, 0x00000000fce80000, 0x0000000100000000)
  eden space 290304K, 0% used [0x00000000e0000000,0x00000000e0000000,0x00000000f1b80000)
  from space 29184K, 99% used [0x00000000f1b80000,0x00000000f37fc580,0x00000000f3800000)
  to   space 66048K, 0% used [0x00000000f8e00000,0x00000000f8e00000,0x00000000fce80000)
 ParOldGen       total 226304K, used 115722K [0x00000000a0000000, 0x00000000add00000, 0x00000000e0000000)
  object space 226304K, 51% used [0x00000000a0000000,0x00000000a7102ab8,0x00000000add00000)
 Metaspace       used 65575K, capacity 67898K, committed 68120K, reserved 1107968K
  class space    used 8946K, capacity 9437K, committed 9512K, reserved 1048576K
}

