# JRE version: OpenJDK Runtime Environment (8.0_202-b03) (build 1.8.0_202-release-1483-b03)
# Java VM: OpenJDK 64-Bit Server VM (25.202-b03 mixed mode windows-amd64 compressed oops)
Heap:
 PSYoungGen      total 324096K, used 190684K [0x00000000e0000000, 0x0000000100000000, 0x0000000100000000)
  eden space 238592K, 44% used [0x00000000e0000000,0x00000000e66eec88,0x00000000ee900000)
  from space 85504K, 99% used [0x00000000ee900000,0x00000000f3c48528,0x00000000f3c80000)
  to   space 146432K, 0% used [0x00000000f7100000,0x00000000f7100000,0x0000000100000000)
 ParOldGen       total 273408K, used 180310K [0x00000000a0000000, 0x00000000b0b00000, 0x00000000e0000000)
  object space 273408K, 65% used [0x00000000a0000000,0x00000000ab015920,0x00000000b0b00000)
 Metaspace       used 143733K, capacity 154611K, committed 154776K, reserved 1183744K
  class space    used 18424K, capacity 20304K, committed 20392K, reserved 1048576K
GC Heap History (10 events):
Event: 2492.890 GC heap before
{Heap before GC invocations=59 (full 4):
 PSYoungGen      total 394240K, used 277142K [0x00000000e0000000, 0x0000000100000000, 0x0000000100000000)
  eden space 259072K, 97% used [0x00000000e0000000,0x00000000ef7493a0,0x00000000efd00000)
  from space 135168K, 17% used [0x00000000f7c00000,0x00000000f935c830,0x0000000100000000)
  to   space 130048K, 0% used [0x00000000efd00000,0x00000000efd00000,0x00000000f7c00000)
 ParOldGen       total 273408K, used 179918K [0x00000000a0000000, 0x00000000b0b00000, 0x00000000e0000000)
  object space 273408K, 65% used [0x00000000a0000000,0x00000000aafb3920,0x00000000b0b00000)
 Metaspace       used 143522K, capacity 154397K, committed 154520K, reserved 1183744K
  class space    used 18416K, capacity 20291K, committed 20392K, reserved 1048576K
Event: 2492.967 GC heap after
Heap after GC invocations=59 (full 4):
 PSYoungGen      total 347648K, used 88256K [0x00000000e0000000, 0x0000000100000000, 0x0000000100000000)
  eden space 259072K, 0% used [0x00000000e0000000,0x00000000e0000000,0x00000000efd00000)
  from space 88576K, 99% used [0x00000000efd00000,0x00000000f5330268,0x00000000f5380000)
  to   space 137728K, 0% used [0x00000000f7980000,0x00000000f7980000,0x0000000100000000)
 ParOldGen       total 273408K, used 179974K [0x00000000a0000000, 0x00000000b0b00000, 0x00000000e0000000)
  object space 273408K, 65% used [0x00000000a0000000,0x00000000aafc1920,0x00000000b0b00000)
 Metaspace       used 143522K, capacity 154397K, committed 154520K, reserved 1183744K
  class space    used 18416K, capacity 20291K, committed 20392K, reserved 1048576K
}
Event: 2680.893 GC heap before
{Heap before GC invocations=60 (full 4):
 PSYoungGen      total 347648K, used 347328K [0x00000000e0000000, 0x0000000100000000, 0x0000000100000000)
  eden space 259072K, 100% used [0x00000000e0000000,0x00000000efd00000,0x00000000efd00000)
  from space 88576K, 99% used [0x00000000efd00000,0x00000000f5330268,0x00000000f5380000)
  to   space 137728K, 0% used [0x00000000f7980000,0x00000000f7980000,0x0000000100000000)
 ParOldGen       total 273408K, used 179974K [0x00000000a0000000, 0x00000000b0b00000, 0x00000000e0000000)
  object space 273408K, 65% used [0x00000000a0000000,0x00000000aafc1920,0x00000000b0b00000)
 Metaspace       used 143600K, capacity 154447K, committed 154776K, reserved 1183744K
  class space    used 18420K, capacity 20298K, committed 20392K, reserved 1048576K
Event: 2680.909 GC heap after
Heap after GC invocations=60 (full 4):
 PSYoungGen      total 389120K, used 11441K [0x00000000e0000000, 0x0000000100000000, 0x0000000100000000)
  eden space 251392K, 0% used [0x00000000e0000000,0x00000000e0000000,0x00000000ef580000)
  from space 137728K, 8% used [0x00000000f7980000,0x00000000f84ac4a0,0x0000000100000000)
  to   space 135168K, 0% used [0x00000000ef580000,0x00000000ef580000,0x00000000f7980000)
 ParOldGen       total 273408K, used 180086K [0x00000000a0000000, 0x00000000b0b00000, 0x00000000e0000000)
  object space 273408K, 65% used [0x00000000a0000000,0x00000000aafdd920,0x00000000b0b00000)
 Metaspace       used 143600K, capacity 154447K, committed 154776K, reserved 1183744K
  class space    used 18420K, capacity 20298K, committed 20392K, reserved 1048576K
}
Event: 2681.942 GC heap before
{Heap before GC invocations=61 (full 4):
 PSYoungGen      total 389120K, used 262833K [0x00000000e0000000, 0x0000000100000000, 0x0000000100000000)
  eden space 251392K, 100% used [0x00000000e0000000,0x00000000ef580000,0x00000000ef580000)
  from space 137728K, 8% used [0x00000000f7980000,0x00000000f84ac4a0,0x0000000100000000)
  to   space 135168K, 0% used [0x00000000ef580000,0x00000000ef580000,0x00000000f7980000)
 ParOldGen       total 273408K, used 180086K [0x00000000a0000000, 0x00000000b0b00000, 0x00000000e0000000)
  object space 273408K, 65% used [0x00000000a0000000,0x00000000aafdd920,0x00000000b0b00000)
 Metaspace       used 143628K, capacity 154511K, committed 154776K, reserved 1183744K
  class space    used 18421K, capacity 20298K, committed 20392K, reserved 1048576K
Event: 2682.007 GC heap after
Heap after GC invocations=61 (full 4):
 PSYoungGen      total 345600K, used 93945K [0x00000000e0000000, 0x0000000100000000, 0x0000000100000000)
  eden space 251392K, 0% used [0x00000000e0000000,0x00000000e0000000,0x00000000ef580000)
  from space 94208K, 99% used [0x00000000ef580000,0x00000000f513e798,0x00000000f5180000)
  to   space 144384K, 0% used [0x00000000f7300000,0x00000000f7300000,0x0000000100000000)
 ParOldGen       total 273408K, used 180150K [0x00000000a0000000, 0x00000000b0b00000, 0x00000000e0000000)
  object space 273408K, 65% used [0x00000000a0000000,0x00000000aafed920,0x00000000b0b00000)
 Metaspace       used 143628K, capacity 154511K, committed 154776K, reserved 1183744K
  class space    used 18421K, capacity 20298K, committed 20392K, reserved 1048576K
}
Event: 2862.119 GC heap before
{Heap before GC invocations=62 (full 4):
 PSYoungGen      total 345600K, used 345337K [0x00000000e0000000, 0x0000000100000000, 0x0000000100000000)
  eden space 251392K, 100% used [0x00000000e0000000,0x00000000ef580000,0x00000000ef580000)
  from space 94208K, 99% used [0x00000000ef580000,0x00000000f513e798,0x00000000f5180000)
  to   space 144384K, 0% used [0x00000000f7300000,0x00000000f7300000,0x0000000100000000)
 ParOldGen       total 273408K, used 180150K [0x00000000a0000000, 0x00000000b0b00000, 0x00000000e0000000)
  object space 273408K, 65% used [0x00000000a0000000,0x00000000aafed920,0x00000000b0b00000)
 Metaspace       used 143691K, capacity 154593K, committed 154776K, reserved 1183744K
  class space    used 18423K, capacity 20301K, committed 20392K, reserved 1048576K
Event: 2862.133 GC heap after
Heap after GC invocations=62 (full 4):
 PSYoungGen      total 382976K, used 10977K [0x00000000e0000000, 0x0000000100000000, 0x0000000100000000)
  eden space 238592K, 0% used [0x00000000e0000000,0x00000000e0000000,0x00000000ee900000)
  from space 144384K, 7% used [0x00000000f7300000,0x00000000f7db84b8,0x0000000100000000)
  to   space 141312K, 0% used [0x00000000ee900000,0x00000000ee900000,0x00000000f7300000)
 ParOldGen       total 273408K, used 180294K [0x00000000a0000000, 0x00000000b0b00000, 0x00000000e0000000)
  object space 273408K, 65% used [0x00000000a0000000,0x00000000ab011920,0x00000000b0b00000)
 Metaspace       used 143691K, capacity 154593K, committed 154776K, reserved 1183744K
  class space    used 18423K, capacity 20301K, committed 20392K, reserved 1048576K
}
Event: 2863.489 GC heap before
{Heap before GC invocations=63 (full 4):
 PSYoungGen      total 382976K, used 249476K [0x00000000e0000000, 0x0000000100000000, 0x0000000100000000)
  eden space 238592K, 99% used [0x00000000e0000000,0x00000000ee8e8e60,0x00000000ee900000)
  from space 144384K, 7% used [0x00000000f7300000,0x00000000f7db84b8,0x0000000100000000)
  to   space 141312K, 0% used [0x00000000ee900000,0x00000000ee900000,0x00000000f7300000)
 ParOldGen       total 273408K, used 180294K [0x00000000a0000000, 0x00000000b0b00000, 0x00000000e0000000)
  object space 273408K, 65% used [0x00000000a0000000,0x00000000ab011920,0x00000000b0b00000)
 Metaspace       used 143733K, capacity 154611K, committed 154776K, reserved 1183744K
  class space    used 18424K, capacity 20304K, committed 20392K, reserved 1048576K
Event: 2863.554 GC heap after
Heap after GC invocations=63 (full 4):
 PSYoungGen      total 324096K, used 85281K [0x00000000e0000000, 0x0000000100000000, 0x0000000100000000)
  eden space 238592K, 0% used [0x00000000e0000000,0x00000000e0000000,0x00000000ee900000)
  from space 85504K, 99% used [0x00000000ee900000,0x00000000f3c48528,0x00000000f3c80000)
  to   space 146432K, 0% used [0x00000000f7100000,0x00000000f7100000,0x0000000100000000)
 ParOldGen       total 273408K, used 180310K [0x00000000a0000000, 0x00000000b0b00000, 0x00000000e0000000)
  object space 273408K, 65% used [0x00000000a0000000,0x00000000ab015920,0x00000000b0b00000)
 Metaspace       used 143733K, capacity 154611K, committed 154776K, reserved 1183744K
  class space    used 18424K, capacity 20304K, committed 20392K, reserved 1048576K
}

