# JRE version: OpenJDK Runtime Environment (8.0_212-b04) (build 1.8.0_212-release-1586-b04)
# Java VM: OpenJDK 64-Bit Server VM (25.212-b04 mixed mode windows-amd64 compressed oops)
Heap:
 PSYoungGen      total 370176K, used 262397K [0x00000000e0000000, 0x0000000100000000, 0x0000000100000000)
  eden space 235008K, 100% used [0x00000000e0000000,0x00000000ee580000,0x00000000ee580000)
  from space 135168K, 20% used [0x00000000ee580000,0x00000000f003f548,0x00000000f6980000)
  to   space 129024K, 40% used [0x00000000f8200000,0x00000000fb5412e8,0x0000000100000000)
 ParOldGen       total 477184K, used 391245K [0x00000000a0000000, 0x00000000bd200000, 0x00000000e0000000)
  object space 477184K, 81% used [0x00000000a0000000,0x00000000b7e13688,0x00000000bd200000)
 Metaspace       used 121562K, capacity 128192K, committed 128536K, reserved 1161216K
  class space    used 14930K, capacity 16066K, committed 16168K, reserved 1048576K
GC Heap History (10 events):
Event: 6135.007 GC heap after
Heap after GC invocations=87 (full 10):
 PSYoungGen      total 385536K, used 62642K [0x00000000e0000000, 0x0000000100000000, 0x0000000100000000)
  eden space 260096K, 0% used [0x00000000e0000000,0x00000000e0000000,0x00000000efe00000)
  from space 125440K, 49% used [0x00000000efe00000,0x00000000f3b2cb00,0x00000000f7880000)
  to   space 125952K, 0% used [0x00000000f8500000,0x00000000f8500000,0x0000000100000000)
 ParOldGen       total 477184K, used 261594K [0x00000000a0000000, 0x00000000bd200000, 0x00000000e0000000)
  object space 477184K, 54% used [0x00000000a0000000,0x00000000aff76820,0x00000000bd200000)
 Metaspace       used 118106K, capacity 124666K, committed 128280K, reserved 1161216K
  class space    used 14606K, capacity 15755K, committed 16168K, reserved 1048576K
}
Event: 6135.662 GC heap before
{Heap before GC invocations=88 (full 10):
 PSYoungGen      total 385536K, used 322738K [0x00000000e0000000, 0x0000000100000000, 0x0000000100000000)
  eden space 260096K, 100% used [0x00000000e0000000,0x00000000efe00000,0x00000000efe00000)
  from space 125440K, 49% used [0x00000000efe00000,0x00000000f3b2cb00,0x00000000f7880000)
  to   space 125952K, 0% used [0x00000000f8500000,0x00000000f8500000,0x0000000100000000)
 ParOldGen       total 477184K, used 261594K [0x00000000a0000000, 0x00000000bd200000, 0x00000000e0000000)
  object space 477184K, 54% used [0x00000000a0000000,0x00000000aff76820,0x00000000bd200000)
 Metaspace       used 118843K, capacity 125436K, committed 128280K, reserved 1161216K
  class space    used 14662K, capacity 15794K, committed 16168K, reserved 1048576K
Event: 6135.756 GC heap after
Heap after GC invocations=88 (full 10):
 PSYoungGen      total 355328K, used 120582K [0x00000000e0000000, 0x0000000100000000, 0x0000000100000000)
  eden space 229376K, 0% used [0x00000000e0000000,0x00000000e0000000,0x00000000ee000000)
  from space 125952K, 95% used [0x00000000f8500000,0x00000000ffac1b10,0x0000000100000000)
  to   space 147456K, 0% used [0x00000000ee000000,0x00000000ee000000,0x00000000f7000000)
 ParOldGen       total 477184K, used 307882K [0x00000000a0000000, 0x00000000bd200000, 0x00000000e0000000)
  object space 477184K, 64% used [0x00000000a0000000,0x00000000b2caa878,0x00000000bd200000)
 Metaspace       used 118843K, capacity 125436K, committed 128280K, reserved 1161216K
  class space    used 14662K, capacity 15794K, committed 16168K, reserved 1048576K
}
Event: 6139.568 GC heap before
{Heap before GC invocations=89 (full 10):
 PSYoungGen      total 355328K, used 349958K [0x00000000e0000000, 0x0000000100000000, 0x0000000100000000)
  eden space 229376K, 100% used [0x00000000e0000000,0x00000000ee000000,0x00000000ee000000)
  from space 125952K, 95% used [0x00000000f8500000,0x00000000ffac1b10,0x0000000100000000)
  to   space 147456K, 0% used [0x00000000ee000000,0x00000000ee000000,0x00000000f7000000)
 ParOldGen       total 477184K, used 307882K [0x00000000a0000000, 0x00000000bd200000, 0x00000000e0000000)
  object space 477184K, 64% used [0x00000000a0000000,0x00000000b2caa878,0x00000000bd200000)
 Metaspace       used 118876K, capacity 125436K, committed 128280K, reserved 1161216K
  class space    used 14663K, capacity 15794K, committed 16168K, reserved 1048576K
Event: 6139.615 GC heap after
Heap after GC invocations=89 (full 10):
 PSYoungGen      total 376832K, used 23001K [0x00000000e0000000, 0x0000000100000000, 0x0000000100000000)
  eden space 229376K, 0% used [0x00000000e0000000,0x00000000e0000000,0x00000000ee000000)
  from space 147456K, 15% used [0x00000000ee000000,0x00000000ef6765f8,0x00000000f7000000)
  to   space 141824K, 0% used [0x00000000f7580000,0x00000000f7580000,0x0000000100000000)
 ParOldGen       total 477184K, used 349090K [0x00000000a0000000, 0x00000000bd200000, 0x00000000e0000000)
  object space 477184K, 73% used [0x00000000a0000000,0x00000000b54e8b98,0x00000000bd200000)
 Metaspace       used 118876K, capacity 125436K, committed 128280K, reserved 1161216K
  class space    used 14663K, capacity 15794K, committed 16168K, reserved 1048576K
}
Event: 6141.083 GC heap before
{Heap before GC invocations=90 (full 10):
 PSYoungGen      total 376832K, used 252373K [0x00000000e0000000, 0x0000000100000000, 0x0000000100000000)
  eden space 229376K, 99% used [0x00000000e0000000,0x00000000edffef00,0x00000000ee000000)
  from space 147456K, 15% used [0x00000000ee000000,0x00000000ef6765f8,0x00000000f7000000)
  to   space 141824K, 0% used [0x00000000f7580000,0x00000000f7580000,0x0000000100000000)
 ParOldGen       total 477184K, used 349090K [0x00000000a0000000, 0x00000000bd200000, 0x00000000e0000000)
  object space 477184K, 73% used [0x00000000a0000000,0x00000000b54e8b98,0x00000000bd200000)
 Metaspace       used 118880K, capacity 125436K, committed 128280K, reserved 1161216K
  class space    used 14663K, capacity 15794K, committed 16168K, reserved 1048576K
Event: 6141.112 GC heap after
Heap after GC invocations=90 (full 10):
 PSYoungGen      total 357888K, used 27705K [0x00000000e0000000, 0x00000000fed80000, 0x0000000100000000)
  eden space 235008K, 0% used [0x00000000e0000000,0x00000000e0000000,0x00000000ee580000)
  from space 122880K, 22% used [0x00000000f7580000,0x00000000f908e688,0x00000000fed80000)
  to   space 135168K, 0% used [0x00000000ee580000,0x00000000ee580000,0x00000000f6980000)
 ParOldGen       total 477184K, used 370805K [0x00000000a0000000, 0x00000000bd200000, 0x00000000e0000000)
  object space 477184K, 77% used [0x00000000a0000000,0x00000000b6a1d6f0,0x00000000bd200000)
 Metaspace       used 118880K, capacity 125436K, committed 128280K, reserved 1161216K
  class space    used 14663K, capacity 15794K, committed 16168K, reserved 1048576K
}
Event: 6242.736 GC heap before
{Heap before GC invocations=91 (full 10):
 PSYoungGen      total 357888K, used 262713K [0x00000000e0000000, 0x00000000fed80000, 0x0000000100000000)
  eden space 235008K, 100% used [0x00000000e0000000,0x00000000ee580000,0x00000000ee580000)
  from space 122880K, 22% used [0x00000000f7580000,0x00000000f908e688,0x00000000fed80000)
  to   space 135168K, 0% used [0x00000000ee580000,0x00000000ee580000,0x00000000f6980000)
 ParOldGen       total 477184K, used 370805K [0x00000000a0000000, 0x00000000bd200000, 0x00000000e0000000)
  object space 477184K, 77% used [0x00000000a0000000,0x00000000b6a1d6f0,0x00000000bd200000)
 Metaspace       used 118930K, capacity 125528K, committed 128280K, reserved 1161216K
  class space    used 14666K, capacity 15798K, committed 16168K, reserved 1048576K
Event: 6242.760 GC heap after
Heap after GC invocations=91 (full 10):
 PSYoungGen      total 370176K, used 27389K [0x00000000e0000000, 0x0000000100000000, 0x0000000100000000)
  eden space 235008K, 0% used [0x00000000e0000000,0x00000000e0000000,0x00000000ee580000)
  from space 135168K, 20% used [0x00000000ee580000,0x00000000f003f548,0x00000000f6980000)
  to   space 129024K, 0% used [0x00000000f8200000,0x00000000f8200000,0x0000000100000000)
 ParOldGen       total 477184K, used 371254K [0x00000000a0000000, 0x00000000bd200000, 0x00000000e0000000)
  object space 477184K, 77% used [0x00000000a0000000,0x00000000b6a8d968,0x00000000bd200000)
 Metaspace       used 118930K, capacity 125528K, committed 128280K, reserved 1161216K
  class space    used 14666K, capacity 15798K, committed 16168K, reserved 1048576K
}
Event: 6243.647 GC heap before
{Heap before GC invocations=92 (full 10):
 PSYoungGen      total 370176K, used 262397K [0x00000000e0000000, 0x0000000100000000, 0x0000000100000000)
  eden space 235008K, 100% used [0x00000000e0000000,0x00000000ee580000,0x00000000ee580000)
  from space 135168K, 20% used [0x00000000ee580000,0x00000000f003f548,0x00000000f6980000)
  to   space 129024K, 0% used [0x00000000f8200000,0x00000000f8200000,0x0000000100000000)
 ParOldGen       total 477184K, used 371254K [0x00000000a0000000, 0x00000000bd200000, 0x00000000e0000000)
  object space 477184K, 77% used [0x00000000a0000000,0x00000000b6a8d968,0x00000000bd200000)
 Metaspace       used 121562K, capacity 128192K, committed 128536K, reserved 1161216K
  class space    used 14930K, capacity 16066K, committed 16168K, reserved 1048576K

