# JRE version: OpenJDK Runtime Environment (8.0_202-b03) (build 1.8.0_202-release-1483-b03)
# Java VM: OpenJDK 64-Bit Server VM (25.202-b03 mixed mode windows-amd64 compressed oops)
Heap:
 PSYoungGen      total 386560K, used 282231K [0x00000000e0000000, 0x0000000100000000, 0x0000000100000000)
  eden space 264192K, 74% used [0x00000000e0000000,0x00000000ec12f1d0,0x00000000f0200000)
  from space 122368K, 68% used [0x00000000f8880000,0x00000000fdaeec28,0x0000000100000000)
  to   space 130048K, 0% used [0x00000000f0200000,0x00000000f0200000,0x00000000f8100000)
 ParOldGen       total 438784K, used 146630K [0x00000000a0000000, 0x00000000bac80000, 0x00000000e0000000)
  object space 438784K, 33% used [0x00000000a0000000,0x00000000a8f31b40,0x00000000bac80000)
 Metaspace       used 154040K, capacity 161634K, committed 162764K, reserved 1191936K
  class space    used 18523K, capacity 19753K, committed 19956K, reserved 1048576K
GC Heap History (10 events):
Event: 1478.498 GC heap before
{Heap before GC invocations=67 (full 7):
 PSYoungGen      total 391680K, used 278016K [0x00000000e0000000, 0x0000000100000000, 0x0000000100000000)
  eden space 278016K, 100% used [0x00000000e0000000,0x00000000f0f80000,0x00000000f0f80000)
  from space 113664K, 0% used [0x00000000f0f80000,0x00000000f0f80000,0x00000000f7e80000)
  to   space 109056K, 0% used [0x00000000f9580000,0x00000000f9580000,0x0000000100000000)
 ParOldGen       total 438784K, used 126859K [0x00000000a0000000, 0x00000000bac80000, 0x00000000e0000000)
  object space 438784K, 28% used [0x00000000a0000000,0x00000000a7be2e78,0x00000000bac80000)
 Metaspace       used 150702K, capacity 158080K, committed 159692K, reserved 1189888K
  class space    used 18219K, capacity 19416K, committed 19700K, reserved 1048576K
Event: 1478.560 GC heap after
Heap after GC invocations=67 (full 7):
 PSYoungGen      total 393728K, used 90119K [0x00000000e0000000, 0x0000000100000000, 0x0000000100000000)
  eden space 284672K, 0% used [0x00000000e0000000,0x00000000e0000000,0x00000000f1600000)
  from space 109056K, 82% used [0x00000000f9580000,0x00000000fed81e08,0x0000000100000000)
  to   space 119808K, 0% used [0x00000000f1600000,0x00000000f1600000,0x00000000f8b00000)
 ParOldGen       total 438784K, used 126859K [0x00000000a0000000, 0x00000000bac80000, 0x00000000e0000000)
  object space 438784K, 28% used [0x00000000a0000000,0x00000000a7be2e78,0x00000000bac80000)
 Metaspace       used 150702K, capacity 158080K, committed 159692K, reserved 1189888K
  class space    used 18219K, capacity 19416K, committed 19700K, reserved 1048576K
}
Event: 1505.468 GC heap before
{Heap before GC invocations=68 (full 7):
 PSYoungGen      total 393728K, used 374791K [0x00000000e0000000, 0x0000000100000000, 0x0000000100000000)
  eden space 284672K, 100% used [0x00000000e0000000,0x00000000f1600000,0x00000000f1600000)
  from space 109056K, 82% used [0x00000000f9580000,0x00000000fed81e08,0x0000000100000000)
  to   space 119808K, 0% used [0x00000000f1600000,0x00000000f1600000,0x00000000f8b00000)
 ParOldGen       total 438784K, used 126859K [0x00000000a0000000, 0x00000000bac80000, 0x00000000e0000000)
  object space 438784K, 28% used [0x00000000a0000000,0x00000000a7be2e78,0x00000000bac80000)
 Metaspace       used 150837K, capacity 158250K, committed 159948K, reserved 1189888K
  class space    used 18225K, capacity 19421K, committed 19700K, reserved 1048576K
Event: 1505.482 GC heap after
Heap after GC invocations=68 (full 7):
 PSYoungGen      total 404480K, used 7488K [0x00000000e0000000, 0x0000000100000000, 0x0000000100000000)
  eden space 284672K, 0% used [0x00000000e0000000,0x00000000e0000000,0x00000000f1600000)
  from space 119808K, 6% used [0x00000000f1600000,0x00000000f1d50020,0x00000000f8b00000)
  to   space 119808K, 0% used [0x00000000f8b00000,0x00000000f8b00000,0x0000000100000000)
 ParOldGen       total 438784K, used 132787K [0x00000000a0000000, 0x00000000bac80000, 0x00000000e0000000)
  object space 438784K, 30% used [0x00000000a0000000,0x00000000a81acea0,0x00000000bac80000)
 Metaspace       used 150837K, capacity 158250K, committed 159948K, reserved 1189888K
  class space    used 18225K, capacity 19421K, committed 19700K, reserved 1048576K
}
Event: 1508.863 GC heap before
{Heap before GC invocations=69 (full 7):
 PSYoungGen      total 404480K, used 291873K [0x00000000e0000000, 0x0000000100000000, 0x0000000100000000)
  eden space 284672K, 99% used [0x00000000e0000000,0x00000000f15b8488,0x00000000f1600000)
  from space 119808K, 6% used [0x00000000f1600000,0x00000000f1d50020,0x00000000f8b00000)
  to   space 119808K, 0% used [0x00000000f8b00000,0x00000000f8b00000,0x0000000100000000)
 ParOldGen       total 438784K, used 132787K [0x00000000a0000000, 0x00000000bac80000, 0x00000000e0000000)
  object space 438784K, 30% used [0x00000000a0000000,0x00000000a81acea0,0x00000000bac80000)
 Metaspace       used 151070K, capacity 158530K, committed 159948K, reserved 1189888K
  class space    used 18237K, capacity 19443K, committed 19700K, reserved 1048576K
Event: 1508.936 GC heap after
Heap after GC invocations=69 (full 7):
 PSYoungGen      total 397312K, used 74897K [0x00000000e0000000, 0x0000000100000000, 0x0000000100000000)
  eden space 277504K, 0% used [0x00000000e0000000,0x00000000e0000000,0x00000000f0f00000)
  from space 119808K, 62% used [0x00000000f8b00000,0x00000000fd424490,0x0000000100000000)
  to   space 123392K, 0% used [0x00000000f0f00000,0x00000000f0f00000,0x00000000f8780000)
 ParOldGen       total 438784K, used 138745K [0x00000000a0000000, 0x00000000bac80000, 0x00000000e0000000)
  object space 438784K, 31% used [0x00000000a0000000,0x00000000a877e5a0,0x00000000bac80000)
 Metaspace       used 151070K, capacity 158530K, committed 159948K, reserved 1189888K
  class space    used 18237K, capacity 19443K, committed 19700K, reserved 1048576K
}
Event: 1660.960 GC heap before
{Heap before GC invocations=70 (full 7):
 PSYoungGen      total 397312K, used 352401K [0x00000000e0000000, 0x0000000100000000, 0x0000000100000000)
  eden space 277504K, 100% used [0x00000000e0000000,0x00000000f0f00000,0x00000000f0f00000)
  from space 119808K, 62% used [0x00000000f8b00000,0x00000000fd424490,0x0000000100000000)
  to   space 123392K, 0% used [0x00000000f0f00000,0x00000000f0f00000,0x00000000f8780000)
 ParOldGen       total 438784K, used 138745K [0x00000000a0000000, 0x00000000bac80000, 0x00000000e0000000)
  object space 438784K, 31% used [0x00000000a0000000,0x00000000a877e5a0,0x00000000bac80000)
 Metaspace       used 151245K, capacity 158822K, committed 160204K, reserved 1189888K
  class space    used 18257K, capacity 19481K, committed 19700K, reserved 1048576K
Event: 1660.968 GC heap after
Heap after GC invocations=70 (full 7):
 PSYoungGen      total 400896K, used 7328K [0x00000000e0000000, 0x0000000100000000, 0x0000000100000000)
  eden space 277504K, 0% used [0x00000000e0000000,0x00000000e0000000,0x00000000f0f00000)
  from space 123392K, 5% used [0x00000000f0f00000,0x00000000f1628060,0x00000000f8780000)
  to   space 122368K, 0% used [0x00000000f8880000,0x00000000f8880000,0x0000000100000000)
 ParOldGen       total 438784K, used 139813K [0x00000000a0000000, 0x00000000bac80000, 0x00000000e0000000)
  object space 438784K, 31% used [0x00000000a0000000,0x00000000a88894d0,0x00000000bac80000)
 Metaspace       used 151245K, capacity 158822K, committed 160204K, reserved 1189888K
  class space    used 18257K, capacity 19481K, committed 19700K, reserved 1048576K
}
Event: 1664.755 GC heap before
{Heap before GC invocations=71 (full 7):
 PSYoungGen      total 400896K, used 284832K [0x00000000e0000000, 0x0000000100000000, 0x0000000100000000)
  eden space 277504K, 100% used [0x00000000e0000000,0x00000000f0f00000,0x00000000f0f00000)
  from space 123392K, 5% used [0x00000000f0f00000,0x00000000f1628060,0x00000000f8780000)
  to   space 122368K, 0% used [0x00000000f8880000,0x00000000f8880000,0x0000000100000000)
 ParOldGen       total 438784K, used 139813K [0x00000000a0000000, 0x00000000bac80000, 0x00000000e0000000)
  object space 438784K, 31% used [0x00000000a0000000,0x00000000a88894d0,0x00000000bac80000)
 Metaspace       used 153968K, capacity 161570K, committed 162764K, reserved 1191936K
  class space    used 18522K, capacity 19753K, committed 19956K, reserved 1048576K
Event: 1664.807 GC heap after
Heap after GC invocations=71 (full 7):
 PSYoungGen      total 386560K, used 84411K [0x00000000e0000000, 0x0000000100000000, 0x0000000100000000)
  eden space 264192K, 0% used [0x00000000e0000000,0x00000000e0000000,0x00000000f0200000)
  from space 122368K, 68% used [0x00000000f8880000,0x00000000fdaeec28,0x0000000100000000)
  to   space 130048K, 0% used [0x00000000f0200000,0x00000000f0200000,0x00000000f8100000)
 ParOldGen       total 438784K, used 146630K [0x00000000a0000000, 0x00000000bac80000, 0x00000000e0000000)
  object space 438784K, 33% used [0x00000000a0000000,0x00000000a8f31b40,0x00000000bac80000)
 Metaspace       used 153968K, capacity 161570K, committed 162764K, reserved 1191936K
  class space    used 18522K, capacity 19753K, committed 19956K, reserved 1048576K
}

