# JRE version: OpenJDK Runtime Environment (8.0_212-b04) (build 1.8.0_212-release-1586-b04)
# Java VM: OpenJDK 64-Bit Server VM (25.212-b04 mixed mode windows-amd64 compressed oops)
Heap:
 PSYoungGen      total 85504K, used 7798K [0x00000000e0000000, 0x00000000e7980000, 0x0000000100000000)
  eden space 73216K, 0% used [0x00000000e0000000,0x00000000e0000000,0x00000000e4780000)
  from space 12288K, 63% used [0x00000000e4780000,0x00000000e4f1da50,0x00000000e5380000)
  to   space 11776K, 0% used [0x00000000e6e00000,0x00000000e6e00000,0x00000000e7980000)
 ParOldGen       total 82944K, used 9708K [0x00000000a0000000, 0x00000000a5100000, 0x00000000e0000000)
  object space 82944K, 11% used [0x00000000a0000000,0x00000000a097b3f8,0x00000000a5100000)
 Metaspace       used 34732K, capacity 35442K, committed 35496K, reserved 1079296K
  class space    used 4574K, capacity 4760K, committed 4776K, reserved 1048576K
GC Heap History (10 events):
Event: 6.421 GC heap after
Heap after GC invocations=6 (full 1):
 PSYoungGen      total 56320K, used 0K [0x00000000e0000000, 0x00000000e4700000, 0x0000000100000000)
  eden space 48128K, 0% used [0x00000000e0000000,0x00000000e0000000,0x00000000e2f00000)
  from space 8192K, 0% used [0x00000000e3000000,0x00000000e3000000,0x00000000e3800000)
  to   space 12288K, 0% used [0x00000000e3b00000,0x00000000e3b00000,0x00000000e4700000)
 ParOldGen       total 82944K, used 9676K [0x00000000a0000000, 0x00000000a5100000, 0x00000000e0000000)
  object space 82944K, 11% used [0x00000000a0000000,0x00000000a09733f8,0x00000000a5100000)
 Metaspace       used 20665K, capacity 21158K, committed 21296K, reserved 1067008K
  class space    used 2952K, capacity 3126K, committed 3200K, reserved 1048576K
}
Event: 7.343 GC heap before
{Heap before GC invocations=7 (full 1):
 PSYoungGen      total 56320K, used 48128K [0x00000000e0000000, 0x00000000e4700000, 0x0000000100000000)
  eden space 48128K, 100% used [0x00000000e0000000,0x00000000e2f00000,0x00000000e2f00000)
  from space 8192K, 0% used [0x00000000e3000000,0x00000000e3000000,0x00000000e3800000)
  to   space 12288K, 0% used [0x00000000e3b00000,0x00000000e3b00000,0x00000000e4700000)
 ParOldGen       total 82944K, used 9676K [0x00000000a0000000, 0x00000000a5100000, 0x00000000e0000000)
  object space 82944K, 11% used [0x00000000a0000000,0x00000000a09733f8,0x00000000a5100000)
 Metaspace       used 26478K, capacity 26978K, committed 27136K, reserved 1073152K
  class space    used 3570K, capacity 3742K, committed 3840K, reserved 1048576K
Event: 7.348 GC heap after
Heap after GC invocations=7 (full 1):
 PSYoungGen      total 60416K, used 5035K [0x00000000e0000000, 0x00000000e6080000, 0x0000000100000000)
  eden space 48128K, 0% used [0x00000000e0000000,0x00000000e0000000,0x00000000e2f00000)
  from space 12288K, 40% used [0x00000000e3b00000,0x00000000e3feaf60,0x00000000e4700000)
  to   space 12288K, 0% used [0x00000000e2f00000,0x00000000e2f00000,0x00000000e3b00000)
 ParOldGen       total 82944K, used 9684K [0x00000000a0000000, 0x00000000a5100000, 0x00000000e0000000)
  object space 82944K, 11% used [0x00000000a0000000,0x00000000a09753f8,0x00000000a5100000)
 Metaspace       used 26478K, capacity 26978K, committed 27136K, reserved 1073152K
  class space    used 3570K, capacity 3742K, committed 3840K, reserved 1048576K
}
Event: 8.154 GC heap before
{Heap before GC invocations=8 (full 1):
 PSYoungGen      total 60416K, used 53163K [0x00000000e0000000, 0x00000000e6080000, 0x0000000100000000)
  eden space 48128K, 100% used [0x00000000e0000000,0x00000000e2f00000,0x00000000e2f00000)
  from space 12288K, 40% used [0x00000000e3b00000,0x00000000e3feaf60,0x00000000e4700000)
  to   space 12288K, 0% used [0x00000000e2f00000,0x00000000e2f00000,0x00000000e3b00000)
 ParOldGen       total 82944K, used 9684K [0x00000000a0000000, 0x00000000a5100000, 0x00000000e0000000)
  object space 82944K, 11% used [0x00000000a0000000,0x00000000a09753f8,0x00000000a5100000)
 Metaspace       used 29202K, capacity 29812K, committed 30080K, reserved 1075200K
  class space    used 4027K, capacity 4193K, committed 4224K, reserved 1048576K
Event: 8.159 GC heap after
Heap after GC invocations=8 (full 1):
 PSYoungGen      total 60416K, used 6118K [0x00000000e0000000, 0x00000000e5f80000, 0x0000000100000000)
  eden space 48128K, 0% used [0x00000000e0000000,0x00000000e0000000,0x00000000e2f00000)
  from space 12288K, 49% used [0x00000000e2f00000,0x00000000e34f99f0,0x00000000e3b00000)
  to   space 12288K, 0% used [0x00000000e5380000,0x00000000e5380000,0x00000000e5f80000)
 ParOldGen       total 82944K, used 9692K [0x00000000a0000000, 0x00000000a5100000, 0x00000000e0000000)
  object space 82944K, 11% used [0x00000000a0000000,0x00000000a09773f8,0x00000000a5100000)
 Metaspace       used 29202K, capacity 29812K, committed 30080K, reserved 1075200K
  class space    used 4027K, capacity 4193K, committed 4224K, reserved 1048576K
}
Event: 9.323 GC heap before
{Heap before GC invocations=9 (full 1):
 PSYoungGen      total 60416K, used 54246K [0x00000000e0000000, 0x00000000e5f80000, 0x0000000100000000)
  eden space 48128K, 100% used [0x00000000e0000000,0x00000000e2f00000,0x00000000e2f00000)
  from space 12288K, 49% used [0x00000000e2f00000,0x00000000e34f99f0,0x00000000e3b00000)
  to   space 12288K, 0% used [0x00000000e5380000,0x00000000e5380000,0x00000000e5f80000)
 ParOldGen       total 82944K, used 9692K [0x00000000a0000000, 0x00000000a5100000, 0x00000000e0000000)
  object space 82944K, 11% used [0x00000000a0000000,0x00000000a09773f8,0x00000000a5100000)
 Metaspace       used 33019K, capacity 33564K, committed 33792K, reserved 1079296K
  class space    used 4450K, capacity 4606K, committed 4608K, reserved 1048576K
Event: 9.335 GC heap after
Heap after GC invocations=9 (full 1):
 PSYoungGen      total 85504K, used 8538K [0x00000000e0000000, 0x00000000e6080000, 0x0000000100000000)
  eden space 73216K, 0% used [0x00000000e0000000,0x00000000e0000000,0x00000000e4780000)
  from space 12288K, 69% used [0x00000000e5380000,0x00000000e5bd68b0,0x00000000e5f80000)
  to   space 12288K, 0% used [0x00000000e4780000,0x00000000e4780000,0x00000000e5380000)
 ParOldGen       total 82944K, used 9700K [0x00000000a0000000, 0x00000000a5100000, 0x00000000e0000000)
  object space 82944K, 11% used [0x00000000a0000000,0x00000000a09793f8,0x00000000a5100000)
 Metaspace       used 33019K, capacity 33564K, committed 33792K, reserved 1079296K
  class space    used 4450K, capacity 4606K, committed 4608K, reserved 1048576K
}
Event: 9.986 GC heap before
{Heap before GC invocations=10 (full 1):
 PSYoungGen      total 85504K, used 38516K [0x00000000e0000000, 0x00000000e6080000, 0x0000000100000000)
  eden space 73216K, 40% used [0x00000000e0000000,0x00000000e1d46910,0x00000000e4780000)
  from space 12288K, 69% used [0x00000000e5380000,0x00000000e5bd68b0,0x00000000e5f80000)
  to   space 12288K, 0% used [0x00000000e4780000,0x00000000e4780000,0x00000000e5380000)
 ParOldGen       total 82944K, used 9700K [0x00000000a0000000, 0x00000000a5100000, 0x00000000e0000000)
  object space 82944K, 11% used [0x00000000a0000000,0x00000000a09793f8,0x00000000a5100000)
 Metaspace       used 34732K, capacity 35442K, committed 35496K, reserved 1079296K
  class space    used 4574K, capacity 4760K, committed 4776K, reserved 1048576K
Event: 10.000 GC heap after
Heap after GC invocations=10 (full 1):
 PSYoungGen      total 85504K, used 7798K [0x00000000e0000000, 0x00000000e7980000, 0x0000000100000000)
  eden space 73216K, 0% used [0x00000000e0000000,0x00000000e0000000,0x00000000e4780000)
  from space 12288K, 63% used [0x00000000e4780000,0x00000000e4f1da50,0x00000000e5380000)
  to   space 11776K, 0% used [0x00000000e6e00000,0x00000000e6e00000,0x00000000e7980000)
 ParOldGen       total 82944K, used 9708K [0x00000000a0000000, 0x00000000a5100000, 0x00000000e0000000)
  object space 82944K, 11% used [0x00000000a0000000,0x00000000a097b3f8,0x00000000a5100000)
 Metaspace       used 34732K, capacity 35442K, committed 35496K, reserved 1079296K
  class space    used 4574K, capacity 4760K, committed 4776K, reserved 1048576K
}
Event: 10.000 GC heap before
{Heap before GC invocations=11 (full 2):
 PSYoungGen      total 85504K, used 7798K [0x00000000e0000000, 0x00000000e7980000, 0x0000000100000000)
  eden space 73216K, 0% used [0x00000000e0000000,0x00000000e0000000,0x00000000e4780000)
  from space 12288K, 63% used [0x00000000e4780000,0x00000000e4f1da50,0x00000000e5380000)
  to   space 11776K, 0% used [0x00000000e6e00000,0x00000000e6e00000,0x00000000e7980000)
 ParOldGen       total 82944K, used 9708K [0x00000000a0000000, 0x00000000a5100000, 0x00000000e0000000)
  object space 82944K, 11% used [0x00000000a0000000,0x00000000a097b3f8,0x00000000a5100000)
 Metaspace       used 34732K, capacity 35442K, committed 35496K, reserved 1079296K
  class space    used 4574K, capacity 4760K, committed 4776K, reserved 1048576K

