# JRE version: OpenJDK Runtime Environment (8.0_202-b03) (build 1.8.0_202-release-1483-b03)
# Java VM: OpenJDK 64-Bit Server VM (25.202-b03 mixed mode windows-amd64 compressed oops)
Heap:
 PSYoungGen      total 204800K, used 13741K [0x00000000e0000000, 0x00000000f2080000, 0x0000000100000000)
  eden space 196608K, 6% used [0x00000000e0000000,0x00000000e0d6b4a0,0x00000000ec000000)
  from space 8192K, 0% used [0x00000000ec000000,0x00000000ec000000,0x00000000ec800000)
  to   space 16384K, 0% used [0x00000000f1080000,0x00000000f1080000,0x00000000f2080000)
 ParOldGen       total 116224K, used 32902K [0x00000000a0000000, 0x00000000a7180000, 0x00000000e0000000)
  object space 116224K, 28% used [0x00000000a0000000,0x00000000a20219f8,0x00000000a7180000)
 Metaspace       used 57177K, capacity 58868K, committed 59224K, reserved 1099776K
  class space    used 7780K, capacity 8203K, committed 8320K, reserved 1048576K
GC Heap History (10 events):
Event: 14.065 GC heap before
{Heap before GC invocations=6 (full 1):
 PSYoungGen      total 170496K, used 102602K [0x00000000e0000000, 0x00000000ed000000, 0x0000000100000000)
  eden space 162304K, 58% used [0x00000000e0000000,0x00000000e5c34d28,0x00000000e9e80000)
  from space 8192K, 99% used [0x00000000ec800000,0x00000000ecffdad8,0x00000000ed000000)
  to   space 8192K, 0% used [0x00000000ec000000,0x00000000ec000000,0x00000000ec800000)
 ParOldGen       total 83968K, used 15759K [0x00000000a0000000, 0x00000000a5200000, 0x00000000e0000000)
  object space 83968K, 18% used [0x00000000a0000000,0x00000000a0f63e60,0x00000000a5200000)
 Metaspace       used 34473K, capacity 35228K, committed 35416K, reserved 1079296K
  class space    used 4750K, capacity 4969K, committed 4992K, reserved 1048576K
Event: 14.116 GC heap after
Heap after GC invocations=6 (full 1):
 PSYoungGen      total 204800K, used 8187K [0x00000000e0000000, 0x00000000f2080000, 0x0000000100000000)
  eden space 196608K, 0% used [0x00000000e0000000,0x00000000e0000000,0x00000000ec000000)
  from space 8192K, 99% used [0x00000000ec000000,0x00000000ec7fed38,0x00000000ec800000)
  to   space 16384K, 0% used [0x00000000f1080000,0x00000000f1080000,0x00000000f2080000)
 ParOldGen       total 83968K, used 21003K [0x00000000a0000000, 0x00000000a5200000, 0x00000000e0000000)
  object space 83968K, 25% used [0x00000000a0000000,0x00000000a1482cc8,0x00000000a5200000)
 Metaspace       used 34473K, capacity 35228K, committed 35416K, reserved 1079296K
  class space    used 4750K, capacity 4969K, committed 4992K, reserved 1048576K
}
Event: 14.116 GC heap before
{Heap before GC invocations=7 (full 2):
 PSYoungGen      total 204800K, used 8187K [0x00000000e0000000, 0x00000000f2080000, 0x0000000100000000)
  eden space 196608K, 0% used [0x00000000e0000000,0x00000000e0000000,0x00000000ec000000)
  from space 8192K, 99% used [0x00000000ec000000,0x00000000ec7fed38,0x00000000ec800000)
  to   space 16384K, 0% used [0x00000000f1080000,0x00000000f1080000,0x00000000f2080000)
 ParOldGen       total 83968K, used 21003K [0x00000000a0000000, 0x00000000a5200000, 0x00000000e0000000)
  object space 83968K, 25% used [0x00000000a0000000,0x00000000a1482cc8,0x00000000a5200000)
 Metaspace       used 34473K, capacity 35228K, committed 35416K, reserved 1079296K
  class space    used 4750K, capacity 4969K, committed 4992K, reserved 1048576K
Event: 14.310 GC heap after
Heap after GC invocations=7 (full 2):
 PSYoungGen      total 204800K, used 0K [0x00000000e0000000, 0x00000000f2080000, 0x0000000100000000)
  eden space 196608K, 0% used [0x00000000e0000000,0x00000000e0000000,0x00000000ec000000)
  from space 8192K, 0% used [0x00000000ec000000,0x00000000ec000000,0x00000000ec800000)
  to   space 16384K, 0% used [0x00000000f1080000,0x00000000f1080000,0x00000000f2080000)
 ParOldGen       total 116224K, used 20218K [0x00000000a0000000, 0x00000000a7180000, 0x00000000e0000000)
  object space 116224K, 17% used [0x00000000a0000000,0x00000000a13bebd0,0x00000000a7180000)
 Metaspace       used 34473K, capacity 35228K, committed 35416K, reserved 1079296K
  class space    used 4750K, capacity 4969K, committed 4992K, reserved 1048576K
}
Event: 18.309 GC heap before
{Heap before GC invocations=8 (full 2):
 PSYoungGen      total 204800K, used 196608K [0x00000000e0000000, 0x00000000f2080000, 0x0000000100000000)
  eden space 196608K, 100% used [0x00000000e0000000,0x00000000ec000000,0x00000000ec000000)
  from space 8192K, 0% used [0x00000000ec000000,0x00000000ec000000,0x00000000ec800000)
  to   space 16384K, 0% used [0x00000000f1080000,0x00000000f1080000,0x00000000f2080000)
 ParOldGen       total 116224K, used 20218K [0x00000000a0000000, 0x00000000a7180000, 0x00000000e0000000)
  object space 116224K, 17% used [0x00000000a0000000,0x00000000a13bebd0,0x00000000a7180000)
 Metaspace       used 52345K, capacity 53800K, committed 53848K, reserved 1095680K
  class space    used 7105K, capacity 7507K, committed 7552K, reserved 1048576K
Event: 18.347 GC heap after
Heap after GC invocations=8 (full 2):
 PSYoungGen      total 212992K, used 16371K [0x00000000e0000000, 0x00000000f2080000, 0x0000000100000000)
  eden space 196608K, 0% used [0x00000000e0000000,0x00000000e0000000,0x00000000ec000000)
  from space 16384K, 99% used [0x00000000f1080000,0x00000000f207cda8,0x00000000f2080000)
  to   space 8192K, 0% used [0x00000000ec000000,0x00000000ec000000,0x00000000ec800000)
 ParOldGen       total 116224K, used 28123K [0x00000000a0000000, 0x00000000a7180000, 0x00000000e0000000)
  object space 116224K, 24% used [0x00000000a0000000,0x00000000a1b76d38,0x00000000a7180000)
 Metaspace       used 52345K, capacity 53800K, committed 53848K, reserved 1095680K
  class space    used 7105K, capacity 7507K, committed 7552K, reserved 1048576K
}
Event: 20.050 GC heap before
{Heap before GC invocations=9 (full 2):
 PSYoungGen      total 212992K, used 85509K [0x00000000e0000000, 0x00000000f2080000, 0x0000000100000000)
  eden space 196608K, 35% used [0x00000000e0000000,0x00000000e43847c0,0x00000000ec000000)
  from space 16384K, 99% used [0x00000000f1080000,0x00000000f207cda8,0x00000000f2080000)
  to   space 8192K, 0% used [0x00000000ec000000,0x00000000ec000000,0x00000000ec800000)
 ParOldGen       total 116224K, used 28123K [0x00000000a0000000, 0x00000000a7180000, 0x00000000e0000000)
  object space 116224K, 24% used [0x00000000a0000000,0x00000000a1b76d38,0x00000000a7180000)
 Metaspace       used 57161K, capacity 58820K, committed 58968K, reserved 1099776K
  class space    used 7788K, capacity 8217K, committed 8320K, reserved 1048576K
Event: 20.074 GC heap after
Heap after GC invocations=9 (full 2):
 PSYoungGen      total 204800K, used 8177K [0x00000000e0000000, 0x00000000f2080000, 0x0000000100000000)
  eden space 196608K, 0% used [0x00000000e0000000,0x00000000e0000000,0x00000000ec000000)
  from space 8192K, 99% used [0x00000000ec000000,0x00000000ec7fc4d0,0x00000000ec800000)
  to   space 16384K, 0% used [0x00000000f1080000,0x00000000f1080000,0x00000000f2080000)
 ParOldGen       total 116224K, used 37369K [0x00000000a0000000, 0x00000000a7180000, 0x00000000e0000000)
  object space 116224K, 32% used [0x00000000a0000000,0x00000000a247e450,0x00000000a7180000)
 Metaspace       used 57161K, capacity 58820K, committed 58968K, reserved 1099776K
  class space    used 7788K, capacity 8217K, committed 8320K, reserved 1048576K
}
Event: 20.074 GC heap before
{Heap before GC invocations=10 (full 3):
 PSYoungGen      total 204800K, used 8177K [0x00000000e0000000, 0x00000000f2080000, 0x0000000100000000)
  eden space 196608K, 0% used [0x00000000e0000000,0x00000000e0000000,0x00000000ec000000)
  from space 8192K, 99% used [0x00000000ec000000,0x00000000ec7fc4d0,0x00000000ec800000)
  to   space 16384K, 0% used [0x00000000f1080000,0x00000000f1080000,0x00000000f2080000)
 ParOldGen       total 116224K, used 37369K [0x00000000a0000000, 0x00000000a7180000, 0x00000000e0000000)
  object space 116224K, 32% used [0x00000000a0000000,0x00000000a247e450,0x00000000a7180000)
 Metaspace       used 57161K, capacity 58820K, committed 58968K, reserved 1099776K
  class space    used 7788K, capacity 8217K, committed 8320K, reserved 1048576K
Event: 20.383 GC heap after
Heap after GC invocations=10 (full 3):
 PSYoungGen      total 204800K, used 0K [0x00000000e0000000, 0x00000000f2080000, 0x0000000100000000)
  eden space 196608K, 0% used [0x00000000e0000000,0x00000000e0000000,0x00000000ec000000)
  from space 8192K, 0% used [0x00000000ec000000,0x00000000ec000000,0x00000000ec800000)
  to   space 16384K, 0% used [0x00000000f1080000,0x00000000f1080000,0x00000000f2080000)
 ParOldGen       total 116224K, used 32902K [0x00000000a0000000, 0x00000000a7180000, 0x00000000e0000000)
  object space 116224K, 28% used [0x00000000a0000000,0x00000000a20219f8,0x00000000a7180000)
 Metaspace       used 57136K, capacity 58740K, committed 58968K, reserved 1099776K
  class space    used 7780K, capacity 8203K, committed 8320K, reserved 1048576K
}

