# JRE version: OpenJDK Runtime Environment (8.0_202-b03) (build 1.8.0_202-release-1483-b03)
# Java VM: OpenJDK 64-Bit Server VM (25.202-b03 mixed mode windows-amd64 compressed oops)
Heap:
 PSYoungGen      total 448000K, used 447968K [0x00000000e0000000, 0x0000000100000000, 0x0000000100000000)
  eden space 371712K, 100% used [0x00000000e0000000,0x00000000f6b00000,0x00000000f6b00000)
  from space 76288K, 99% used [0x00000000f6b00000,0x00000000fb5780d8,0x00000000fb580000)
  to   space 76288K, 99% used [0x00000000fb580000,0x00000000ffff8ad8,0x0000000100000000)
 ParOldGen       total 407552K, used 179396K [0x00000000a0000000, 0x00000000b8e00000, 0x00000000e0000000)
  object space 407552K, 44% used [0x00000000a0000000,0x00000000aaf31010,0x00000000b8e00000)
 Metaspace       used 205939K, capacity 217570K, committed 217932K, reserved 1239040K
  class space    used 26155K, capacity 28394K, committed 28504K, reserved 1048576K
GC Heap History (10 events):
Event: 1387.853 GC heap after
Heap after GC invocations=24 (full 5):
 PSYoungGen      total 452608K, used 37042K [0x00000000e0000000, 0x0000000100000000, 0x0000000100000000)
  eden space 380928K, 0% used [0x00000000e0000000,0x00000000e0000000,0x00000000f7400000)
  from space 71680K, 51% used [0x00000000f7400000,0x00000000f982ca88,0x00000000fba00000)
  to   space 69120K, 0% used [0x00000000fbc80000,0x00000000fbc80000,0x0000000100000000)
 ParOldGen       total 407552K, used 125097K [0x00000000a0000000, 0x00000000b8e00000, 0x00000000e0000000)
  object space 407552K, 30% used [0x00000000a0000000,0x00000000a7a2a7e8,0x00000000b8e00000)
 Metaspace       used 175095K, capacity 184174K, committed 184268K, reserved 1210368K
  class space    used 22174K, capacity 23950K, committed 24024K, reserved 1048576K
}
Event: 1641.989 GC heap before
{Heap before GC invocations=25 (full 5):
 PSYoungGen      total 452608K, used 417970K [0x00000000e0000000, 0x0000000100000000, 0x0000000100000000)
  eden space 380928K, 100% used [0x00000000e0000000,0x00000000f7400000,0x00000000f7400000)
  from space 71680K, 51% used [0x00000000f7400000,0x00000000f982ca88,0x00000000fba00000)
  to   space 69120K, 0% used [0x00000000fbc80000,0x00000000fbc80000,0x0000000100000000)
 ParOldGen       total 407552K, used 125097K [0x00000000a0000000, 0x00000000b8e00000, 0x00000000e0000000)
  object space 407552K, 30% used [0x00000000a0000000,0x00000000a7a2a7e8,0x00000000b8e00000)
 Metaspace       used 180559K, capacity 189862K, committed 190028K, reserved 1214464K
  class space    used 22740K, capacity 24582K, committed 24664K, reserved 1048576K
Event: 1642.020 GC heap after
Heap after GC invocations=25 (full 5):
 PSYoungGen      total 444928K, used 29169K [0x00000000e0000000, 0x00000000ff880000, 0x0000000100000000)
  eden space 383488K, 0% used [0x00000000e0000000,0x00000000e0000000,0x00000000f7680000)
  from space 61440K, 47% used [0x00000000fbc80000,0x00000000fd8fc7d0,0x00000000ff880000)
  to   space 66560K, 0% used [0x00000000f7680000,0x00000000f7680000,0x00000000fb780000)
 ParOldGen       total 407552K, used 125105K [0x00000000a0000000, 0x00000000b8e00000, 0x00000000e0000000)
  object space 407552K, 30% used [0x00000000a0000000,0x00000000a7a2c7e8,0x00000000b8e00000)
 Metaspace       used 180559K, capacity 189862K, committed 190028K, reserved 1214464K
  class space    used 22740K, capacity 24582K, committed 24664K, reserved 1048576K
}
Event: 3794.964 GC heap before
{Heap before GC invocations=26 (full 5):
 PSYoungGen      total 444928K, used 412657K [0x00000000e0000000, 0x00000000ff880000, 0x0000000100000000)
  eden space 383488K, 100% used [0x00000000e0000000,0x00000000f7680000,0x00000000f7680000)
  from space 61440K, 47% used [0x00000000fbc80000,0x00000000fd8fc7d0,0x00000000ff880000)
  to   space 66560K, 0% used [0x00000000f7680000,0x00000000f7680000,0x00000000fb780000)
 ParOldGen       total 407552K, used 125105K [0x00000000a0000000, 0x00000000b8e00000, 0x00000000e0000000)
  object space 407552K, 30% used [0x00000000a0000000,0x00000000a7a2c7e8,0x00000000b8e00000)
 Metaspace       used 193131K, capacity 203628K, committed 203980K, reserved 1226752K
  class space    used 24451K, capacity 26503K, committed 26584K, reserved 1048576K
Event: 3794.999 GC heap after
Heap after GC invocations=26 (full 5):
 PSYoungGen      total 450048K, used 43907K [0x00000000e0000000, 0x0000000100000000, 0x0000000100000000)
  eden space 383488K, 0% used [0x00000000e0000000,0x00000000e0000000,0x00000000f7680000)
  from space 66560K, 65% used [0x00000000f7680000,0x00000000fa160c00,0x00000000fb780000)
  to   space 67072K, 0% used [0x00000000fbe80000,0x00000000fbe80000,0x0000000100000000)
 ParOldGen       total 407552K, used 125113K [0x00000000a0000000, 0x00000000b8e00000, 0x00000000e0000000)
  object space 407552K, 30% used [0x00000000a0000000,0x00000000a7a2e7e8,0x00000000b8e00000)
 Metaspace       used 193131K, capacity 203628K, committed 203980K, reserved 1226752K
  class space    used 24451K, capacity 26503K, committed 26584K, reserved 1048576K
}
Event: 3802.307 GC heap before
{Heap before GC invocations=27 (full 5):
 PSYoungGen      total 450048K, used 427395K [0x00000000e0000000, 0x0000000100000000, 0x0000000100000000)
  eden space 383488K, 100% used [0x00000000e0000000,0x00000000f7680000,0x00000000f7680000)
  from space 66560K, 65% used [0x00000000f7680000,0x00000000fa160c00,0x00000000fb780000)
  to   space 67072K, 0% used [0x00000000fbe80000,0x00000000fbe80000,0x0000000100000000)
 ParOldGen       total 407552K, used 125113K [0x00000000a0000000, 0x00000000b8e00000, 0x00000000e0000000)
  object space 407552K, 30% used [0x00000000a0000000,0x00000000a7a2e7e8,0x00000000b8e00000)
 Metaspace       used 199381K, capacity 210156K, committed 210508K, reserved 1232896K
  class space    used 25253K, capacity 27365K, committed 27480K, reserved 1048576K
Event: 3802.413 GC heap after
Heap after GC invocations=27 (full 5):
 PSYoungGen      total 438784K, used 67052K [0x00000000e0000000, 0x0000000100000000, 0x0000000100000000)
  eden space 371712K, 0% used [0x00000000e0000000,0x00000000e0000000,0x00000000f6b00000)
  from space 67072K, 99% used [0x00000000fbe80000,0x00000000ffffb298,0x0000000100000000)
  to   space 76288K, 0% used [0x00000000f6b00000,0x00000000f6b00000,0x00000000fb580000)
 ParOldGen       total 407552K, used 125714K [0x00000000a0000000, 0x00000000b8e00000, 0x00000000e0000000)
  object space 407552K, 30% used [0x00000000a0000000,0x00000000a7ac48e8,0x00000000b8e00000)
 Metaspace       used 199381K, capacity 210156K, committed 210508K, reserved 1232896K
  class space    used 25253K, capacity 27365K, committed 27480K, reserved 1048576K
}
Event: 3804.910 GC heap before
{Heap before GC invocations=28 (full 5):
 PSYoungGen      total 438784K, used 438764K [0x00000000e0000000, 0x0000000100000000, 0x0000000100000000)
  eden space 371712K, 100% used [0x00000000e0000000,0x00000000f6b00000,0x00000000f6b00000)
  from space 67072K, 99% used [0x00000000fbe80000,0x00000000ffffb298,0x0000000100000000)
  to   space 76288K, 0% used [0x00000000f6b00000,0x00000000f6b00000,0x00000000fb580000)
 ParOldGen       total 407552K, used 130304K [0x00000000a0000000, 0x00000000b8e00000, 0x00000000e0000000)
  object space 407552K, 31% used [0x00000000a0000000,0x00000000a7f401e0,0x00000000b8e00000)
 Metaspace       used 205701K, capacity 217188K, committed 217292K, reserved 1239040K
  class space    used 26136K, capacity 28323K, committed 28376K, reserved 1048576K
Event: 3804.991 GC heap after
Heap after GC invocations=28 (full 5):
 PSYoungGen      total 448000K, used 76256K [0x00000000e0000000, 0x0000000100000000, 0x0000000100000000)
  eden space 371712K, 0% used [0x00000000e0000000,0x00000000e0000000,0x00000000f6b00000)
  from space 76288K, 99% used [0x00000000f6b00000,0x00000000fb5780d8,0x00000000fb580000)
  to   space 76288K, 0% used [0x00000000fb580000,0x00000000fb580000,0x0000000100000000)
 ParOldGen       total 407552K, used 150146K [0x00000000a0000000, 0x00000000b8e00000, 0x00000000e0000000)
  object space 407552K, 36% used [0x00000000a0000000,0x00000000a92a0818,0x00000000b8e00000)
 Metaspace       used 205701K, capacity 217188K, committed 217292K, reserved 1239040K
  class space    used 26136K, capacity 28323K, committed 28376K, reserved 1048576K
}
Event: 3805.975 GC heap before
{Heap before GC invocations=29 (full 5):
 PSYoungGen      total 448000K, used 447968K [0x00000000e0000000, 0x0000000100000000, 0x0000000100000000)
  eden space 371712K, 100% used [0x00000000e0000000,0x00000000f6b00000,0x00000000f6b00000)
  from space 76288K, 99% used [0x00000000f6b00000,0x00000000fb5780d8,0x00000000fb580000)
  to   space 76288K, 0% used [0x00000000fb580000,0x00000000fb580000,0x0000000100000000)
 ParOldGen       total 407552K, used 150147K [0x00000000a0000000, 0x00000000b8e00000, 0x00000000e0000000)
  object space 407552K, 36% used [0x00000000a0000000,0x00000000a92a0d08,0x00000000b8e00000)
 Metaspace       used 205939K, capacity 217570K, committed 217932K, reserved 1239040K
  class space    used 26155K, capacity 28394K, committed 28504K, reserved 1048576K

