# JRE version: OpenJDK Runtime Environment (8.0_202-b03) (build 1.8.0_202-release-1483-b03)
# Java VM: OpenJDK 64-Bit Server VM (25.202-b03 mixed mode windows-amd64 compressed oops)
Heap:
 PSYoungGen      total 466944K, used 348515K [0x00000000e0000000, 0x00000000ffa00000, 0x0000000100000000)
  eden space 418304K, 82% used [0x00000000e0000000,0x00000000f4f08f28,0x00000000f9880000)
  from space 48640K, 11% used [0x00000000f9880000,0x00000000f9dd0000,0x00000000fc800000)
  to   space 46592K, 0% used [0x00000000fcc80000,0x00000000fcc80000,0x00000000ffa00000)
 ParOldGen       total 352256K, used 221910K [0x00000000a0000000, 0x00000000b5800000, 0x00000000e0000000)
  object space 352256K, 62% used [0x00000000a0000000,0x00000000ad8b5930,0x00000000b5800000)
 Metaspace       used 71540K, capacity 74384K, committed 74392K, reserved 1114112K
  class space    used 9570K, capacity 10150K, committed 10152K, reserved 1048576K
GC Heap History (10 events):
Event: 31.716 GC heap before
{Heap before GC invocations=27 (full 4):
 PSYoungGen      total 457728K, used 403296K [0x00000000e0000000, 0x00000000ff880000, 0x0000000100000000)
  eden space 396800K, 100% used [0x00000000e0000000,0x00000000f8380000,0x00000000f8380000)
  from space 60928K, 10% used [0x00000000fbd00000,0x00000000fc358000,0x00000000ff880000)
  to   space 58880K, 0% used [0x00000000f8380000,0x00000000f8380000,0x00000000fbd00000)
 ParOldGen       total 352256K, used 185577K [0x00000000a0000000, 0x00000000b5800000, 0x00000000e0000000)
  object space 352256K, 52% used [0x00000000a0000000,0x00000000ab53a4f8,0x00000000b5800000)
 Metaspace       used 69581K, capacity 72094K, committed 72344K, reserved 1112064K
  class space    used 9339K, capacity 9849K, committed 9896K, reserved 1048576K
Event: 31.747 GC heap after
Heap after GC invocations=27 (full 4):
 PSYoungGen      total 455680K, used 7808K [0x00000000e0000000, 0x00000000ff900000, 0x0000000100000000)
  eden space 396800K, 0% used [0x00000000e0000000,0x00000000e0000000,0x00000000f8380000)
  from space 58880K, 13% used [0x00000000f8380000,0x00000000f8b20000,0x00000000fbd00000)
  to   space 56320K, 0% used [0x00000000fc200000,0x00000000fc200000,0x00000000ff900000)
 ParOldGen       total 352256K, used 191934K [0x00000000a0000000, 0x00000000b5800000, 0x00000000e0000000)
  object space 352256K, 54% used [0x00000000a0000000,0x00000000abb6fbf8,0x00000000b5800000)
 Metaspace       used 69581K, capacity 72094K, committed 72344K, reserved 1112064K
  class space    used 9339K, capacity 9849K, committed 9896K, reserved 1048576K
}
Event: 32.413 GC heap before
{Heap before GC invocations=28 (full 4):
 PSYoungGen      total 455680K, used 404608K [0x00000000e0000000, 0x00000000ff900000, 0x0000000100000000)
  eden space 396800K, 100% used [0x00000000e0000000,0x00000000f8380000,0x00000000f8380000)
  from space 58880K, 13% used [0x00000000f8380000,0x00000000f8b20000,0x00000000fbd00000)
  to   space 56320K, 0% used [0x00000000fc200000,0x00000000fc200000,0x00000000ff900000)
 ParOldGen       total 352256K, used 191934K [0x00000000a0000000, 0x00000000b5800000, 0x00000000e0000000)
  object space 352256K, 54% used [0x00000000a0000000,0x00000000abb6fbf8,0x00000000b5800000)
 Metaspace       used 69583K, capacity 72094K, committed 72344K, reserved 1112064K
  class space    used 9340K, capacity 9849K, committed 9896K, reserved 1048576K
Event: 32.476 GC heap after
Heap after GC invocations=28 (full 4):
 PSYoungGen      total 462336K, used 7904K [0x00000000e0000000, 0x00000000ff780000, 0x0000000100000000)
  eden space 407552K, 0% used [0x00000000e0000000,0x00000000e0000000,0x00000000f8e00000)
  from space 54784K, 14% used [0x00000000fc200000,0x00000000fc9b8000,0x00000000ff780000)
  to   space 53248K, 0% used [0x00000000f8e00000,0x00000000f8e00000,0x00000000fc200000)
 ParOldGen       total 352256K, used 199721K [0x00000000a0000000, 0x00000000b5800000, 0x00000000e0000000)
  object space 352256K, 56% used [0x00000000a0000000,0x00000000ac30a768,0x00000000b5800000)
 Metaspace       used 69583K, capacity 72094K, committed 72344K, reserved 1112064K
  class space    used 9340K, capacity 9849K, committed 9896K, reserved 1048576K
}
Event: 33.283 GC heap before
{Heap before GC invocations=29 (full 4):
 PSYoungGen      total 462336K, used 415456K [0x00000000e0000000, 0x00000000ff780000, 0x0000000100000000)
  eden space 407552K, 100% used [0x00000000e0000000,0x00000000f8e00000,0x00000000f8e00000)
  from space 54784K, 14% used [0x00000000fc200000,0x00000000fc9b8000,0x00000000ff780000)
  to   space 53248K, 0% used [0x00000000f8e00000,0x00000000f8e00000,0x00000000fc200000)
 ParOldGen       total 352256K, used 199721K [0x00000000a0000000, 0x00000000b5800000, 0x00000000e0000000)
  object space 352256K, 56% used [0x00000000a0000000,0x00000000ac30a768,0x00000000b5800000)
 Metaspace       used 69585K, capacity 72094K, committed 72344K, reserved 1112064K
  class space    used 9340K, capacity 9849K, committed 9896K, reserved 1048576K
Event: 33.328 GC heap after
Heap after GC invocations=29 (full 4):
 PSYoungGen      total 460800K, used 7392K [0x00000000e0000000, 0x00000000ff980000, 0x0000000100000000)
  eden space 407552K, 0% used [0x00000000e0000000,0x00000000e0000000,0x00000000f8e00000)
  from space 53248K, 13% used [0x00000000f8e00000,0x00000000f9538000,0x00000000fc200000)
  to   space 50688K, 0% used [0x00000000fc800000,0x00000000fc800000,0x00000000ff980000)
 ParOldGen       total 352256K, used 207602K [0x00000000a0000000, 0x00000000b5800000, 0x00000000e0000000)
  object space 352256K, 58% used [0x00000000a0000000,0x00000000acabca38,0x00000000b5800000)
 Metaspace       used 69585K, capacity 72094K, committed 72344K, reserved 1112064K
  class space    used 9340K, capacity 9849K, committed 9896K, reserved 1048576K
}
Event: 34.328 GC heap before
{Heap before GC invocations=30 (full 4):
 PSYoungGen      total 460800K, used 414944K [0x00000000e0000000, 0x00000000ff980000, 0x0000000100000000)
  eden space 407552K, 100% used [0x00000000e0000000,0x00000000f8e00000,0x00000000f8e00000)
  from space 53248K, 13% used [0x00000000f8e00000,0x00000000f9538000,0x00000000fc200000)
  to   space 50688K, 0% used [0x00000000fc800000,0x00000000fc800000,0x00000000ff980000)
 ParOldGen       total 352256K, used 207602K [0x00000000a0000000, 0x00000000b5800000, 0x00000000e0000000)
  object space 352256K, 58% used [0x00000000a0000000,0x00000000acabca38,0x00000000b5800000)
 Metaspace       used 70389K, capacity 73050K, committed 73240K, reserved 1112064K
  class space    used 9437K, capacity 9983K, committed 10024K, reserved 1048576K
Event: 34.369 GC heap after
Heap after GC invocations=30 (full 4):
 PSYoungGen      total 468992K, used 17236K [0x00000000e0000000, 0x00000000ff980000, 0x0000000100000000)
  eden space 418304K, 0% used [0x00000000e0000000,0x00000000e0000000,0x00000000f9880000)
  from space 50688K, 34% used [0x00000000fc800000,0x00000000fd8d5078,0x00000000ff980000)
  to   space 48640K, 0% used [0x00000000f9880000,0x00000000f9880000,0x00000000fc800000)
 ParOldGen       total 352256K, used 214990K [0x00000000a0000000, 0x00000000b5800000, 0x00000000e0000000)
  object space 352256K, 61% used [0x00000000a0000000,0x00000000ad1f3930,0x00000000b5800000)
 Metaspace       used 70389K, capacity 73050K, committed 73240K, reserved 1112064K
  class space    used 9437K, capacity 9983K, committed 10024K, reserved 1048576K
}
Event: 35.887 GC heap before
{Heap before GC invocations=31 (full 4):
 PSYoungGen      total 468992K, used 435540K [0x00000000e0000000, 0x00000000ff980000, 0x0000000100000000)
  eden space 418304K, 100% used [0x00000000e0000000,0x00000000f9880000,0x00000000f9880000)
  from space 50688K, 34% used [0x00000000fc800000,0x00000000fd8d5078,0x00000000ff980000)
  to   space 48640K, 0% used [0x00000000f9880000,0x00000000f9880000,0x00000000fc800000)
 ParOldGen       total 352256K, used 214990K [0x00000000a0000000, 0x00000000b5800000, 0x00000000e0000000)
  object space 352256K, 61% used [0x00000000a0000000,0x00000000ad1f3930,0x00000000b5800000)
 Metaspace       used 70807K, capacity 73530K, committed 73624K, reserved 1112064K
  class space    used 9489K, capacity 10059K, committed 10152K, reserved 1048576K
Event: 35.929 GC heap after
Heap after GC invocations=31 (full 4):
 PSYoungGen      total 466944K, used 5440K [0x00000000e0000000, 0x00000000ffa00000, 0x0000000100000000)
  eden space 418304K, 0% used [0x00000000e0000000,0x00000000e0000000,0x00000000f9880000)
  from space 48640K, 11% used [0x00000000f9880000,0x00000000f9dd0000,0x00000000fc800000)
  to   space 46592K, 0% used [0x00000000fcc80000,0x00000000fcc80000,0x00000000ffa00000)
 ParOldGen       total 352256K, used 221910K [0x00000000a0000000, 0x00000000b5800000, 0x00000000e0000000)
  object space 352256K, 62% used [0x00000000a0000000,0x00000000ad8b5930,0x00000000b5800000)
 Metaspace       used 70807K, capacity 73530K, committed 73624K, reserved 1112064K
  class space    used 9489K, capacity 10059K, committed 10152K, reserved 1048576K
}

